\BOOKMARK [0][-]{chapter.1}{Motivation}{}% 1
\BOOKMARK [1][-]{section.1.1}{State of the art}{chapter.1}% 2
\BOOKMARK [1][-]{section.1.2}{Benefits}{chapter.1}% 3
\BOOKMARK [0][-]{chapter.2}{Definitions}{}% 4
\BOOKMARK [1][-]{section.2.1}{Basic Definitions}{chapter.2}% 5
\BOOKMARK [2][-]{subsection.2.1.1}{Sampling Rate}{section.2.1}% 6
\BOOKMARK [2][-]{subsection.2.1.2}{Concert pitch}{section.2.1}% 7
\BOOKMARK [1][-]{section.2.2}{Musical definitions}{chapter.2}% 8
\BOOKMARK [2][-]{subsection.2.2.1}{Amplitude}{section.2.2}% 9
\BOOKMARK [2][-]{subsection.2.2.2}{Decay function}{section.2.2}% 10
\BOOKMARK [2][-]{subsection.2.2.3}{Harmonic Series}{section.2.2}% 11
\BOOKMARK [2][-]{subsection.2.2.4}{Frequency calculation}{section.2.2}% 12
\BOOKMARK [2][-]{subsection.2.2.5}{Tone}{section.2.2}% 13
\BOOKMARK [2][-]{subsection.2.2.6}{Modulated Tone}{section.2.2}% 14
\BOOKMARK [2][-]{subsection.2.2.7}{Note}{section.2.2}% 15
\BOOKMARK [2][-]{subsection.2.2.8}{Complex note}{section.2.2}% 16
\BOOKMARK [2][-]{subsection.2.2.9}{Sound}{section.2.2}% 17
\BOOKMARK [1][-]{section.2.3}{Sound fingerprint}{chapter.2}% 18
\BOOKMARK [2][-]{subsection.2.3.1}{Contained information}{section.2.3}% 19
\BOOKMARK [2][-]{subsection.2.3.2}{Data composition}{section.2.3}% 20
\BOOKMARK [2][-]{subsection.2.3.3}{File outlining}{section.2.3}% 21
\BOOKMARK [1][-]{section.2.4}{File format .DTSTF}{chapter.2}% 22
\BOOKMARK [2][-]{subsection.2.4.1}{File allocation}{section.2.4}% 23
\BOOKMARK [2][-]{subsection.2.4.2}{File Header}{section.2.4}% 24
\BOOKMARK [2][-]{subsection.2.4.3}{File Body}{section.2.4}% 25
\BOOKMARK [2][-]{subsection.2.4.4}{Extended file outlining}{section.2.4}% 26
